<?xml version="1.0" encoding="UTF-8"?>
<!-- Generated by org.testng.reporters.JUnitReportReporter -->
<testsuite hostname="TonyOs-iMac.local" name="com.google.refine.extension.database.JdbcConnectionManagerTest" tests="1" failures="0" timestamp="22 Nov 2017 21:11:23 GMT" time="0.534" errors="0">
  <testcase name="testGetConnection" time="0.534" classname="com.google.refine.extension.database.JdbcConnectionManagerTest"/>
</testsuite> <!-- com.google.refine.extension.database.JdbcConnectionManagerTest -->
