<?xml version="1.0" encoding="UTF-8"?>
<!-- Generated by org.testng.reporters.JUnitReportReporter -->
<testsuite hostname="TonyOs-iMac.local" name="com.google.refine.extension.database.mysql.MySQLDatabaseServiceTest" tests="1" failures="0" timestamp="22 Nov 2017 21:19:07 GMT" time="0.044" errors="0">
  <testcase name="testGetInstance" time="0.044" classname="com.google.refine.extension.database.mysql.MySQLDatabaseServiceTest"/>
</testsuite> <!-- com.google.refine.extension.database.mysql.MySQLDatabaseServiceTest -->
